<?xml version="1.0" encoding="UTF-8"?>
<!-- Generated by org.testng.reporters.JUnitReportReporter -->
<testsuite hostname="INHNJLPT-978465" failures="0" tests="1" name="OnlineCheckin.CheckinOnline" time="0.001" errors="0" timestamp="2024-03-05T17:39:45 IST" skipped="0">
  <testcase classname="OnlineCheckin.CheckinOnline" name="CheckinOnline_PNRstatus" time="0.001"/>
</testsuite> <!-- OnlineCheckin.CheckinOnline -->
