<?xml version="1.0" encoding="UTF-8"?>
<!-- Generated by org.testng.reporters.JUnitReportReporter -->
<testsuite hostname="INHNJLPT-978465" failures="0" tests="1" name="Booking.pmt" time="0.009" errors="0" timestamp="2024-03-05T23:08:41 IST" skipped="0">
  <testcase classname="Booking.pmt" name="tc1" time="0.009"/>
</testsuite> <!-- Booking.pmt -->
