<?xml version="1.0" encoding="UTF-8"?>
<!-- Generated by org.testng.reporters.JUnitReportReporter -->
<testsuite hostname="INHNJLPT-978465" failures="0" tests="4" name="Booking.BookFlight" time="0.010" errors="0" timestamp="2024-03-05T17:39:45 IST" skipped="1">
  <testcase classname="Booking.BookFlight" name="BookFlight_OneWay_TestCase3" time="0.003"/>
  <testcase classname="Booking.BookFlight" name="BookFlight_ForRoundTrip_TestCase1" time="0.002"/>
  <testcase classname="Booking.BookFlight" name="BookFlight_ForRoundTrip_TestCase2" time="0.005"/>
  <testcase classname="Booking.BookFlight" name="BookFlight_OneWay_TestCase4">
    <skipped/>
  </testcase> <!-- BookFlight_OneWay_TestCase4 -->
</testsuite> <!-- Booking.BookFlight -->
