<?xml version="1.0" encoding="UTF-8"?>
<!-- Generated by org.testng.reporters.JUnitReportReporter -->
<testsuite hostname="INHNJLPT-978465" failures="0" tests="1" name="Booking.BookHoliday" time="0.001" errors="0" timestamp="2024-03-05T21:46:48 IST" skipped="0">
  <testcase classname="Booking.BookHoliday" name="BookHolidayPackage_depature" time="0.001"/>
</testsuite> <!-- Booking.BookHoliday -->
