<?xml version="1.0" encoding="UTF-8"?>
<!-- Generated by org.testng.reporters.JUnitReportReporter -->
<testsuite hostname="INHNJLPT-978465" failures="0" tests="1" name="Booking.BookFlight2" time="0.007" errors="0" timestamp="2024-03-05T21:46:48 IST" skipped="0">
  <testcase classname="Booking.BookFlight2" name="BookFlight_ForRoundTrip_TestCase1" time="0.007"/>
</testsuite> <!-- Booking.BookFlight2 -->
