<?xml version="1.0" encoding="UTF-8"?>
<!-- Generated by org.testng.reporters.JUnitReportReporter -->
<testsuite hostname="INHNJLPT-978465" failures="0" tests="3" name="Booking.BookHotel" time="0.004" errors="0" timestamp="2024-03-05T17:39:45 IST" skipped="0">
  <testcase classname="Booking.BookHotel" name="BookHotel_destinationCity" time="0.001"/>
  <testcase classname="Booking.BookHotel" name="BookHotel_Checkout" time="0.001"/>
  <testcase classname="Booking.BookHotel" name="BookHotel_Checkin" time="0.002"/>
</testsuite> <!-- Booking.BookHotel -->
