<?xml version="1.0" encoding="UTF-8"?>
<!-- Generated by org.testng.reporters.JUnitReportReporter -->
<testsuite hostname="INHNJLPT-978465" failures="0" tests="1" name="TestFramework.day2" time="0.001" errors="0" timestamp="2024-03-03T21:29:21 IST" skipped="0">
  <testcase classname="TestFramework.day2" name="ploan" time="0.001"/>
</testsuite> <!-- TestFramework.day2 -->
